<?xml version="1.0" encoding="UTF-8"?>
<testng-results ignored="0" total="1" passed="1" failed="0" skipped="0">
  <reporter-output>
  </reporter-output>
  <suite started-at="2025-07-08T09:22:18 IST" name="Default suite" finished-at="2025-07-08T09:22:21 IST" duration-ms="2574">
    <groups>
    </groups>
    <test started-at="2025-07-08T09:22:18 IST" name="Default test" finished-at="2025-07-08T09:22:21 IST" duration-ms="2574">
      <class name="com.api.tests.GetProfileRequestTest">
        <test-method signature="getProfileInfoTest()[pri:0, instance:com.api.tests.GetProfileRequestTest@222545dc]" started-at="2025-07-08T09:22:18 IST" name="getProfileInfoTest" description="get profile info" finished-at="2025-07-08T09:22:21 IST" duration-ms="2530" status="PASS">
          <reporter-output>
          </reporter-output>
        </test-method> <!-- getProfileInfoTest -->
      </class> <!-- com.api.tests.GetProfileRequestTest -->
    </test> <!-- Default test -->
  </suite> <!-- Default suite -->
</testng-results>
