<?xml version="1.0" encoding="UTF-8"?>
<testng-results ignored="0" total="1" passed="1" failed="0" skipped="0">
  <reporter-output>
  </reporter-output>
  <suite started-at="2025-07-09T08:56:31 IST" name="Default suite" finished-at="2025-07-09T08:56:34 IST" duration-ms="3249">
    <groups>
    </groups>
    <test started-at="2025-07-09T08:56:31 IST" name="Default test" finished-at="2025-07-09T08:56:34 IST" duration-ms="3249">
      <class name="com.api.tests.LoginAPITest">
        <test-method signature="loginTest()[pri:0, instance:com.api.tests.LoginAPITest@38c6f217]" started-at="2025-07-09T08:56:31 IST" name="loginTest" description="verify if login is working or not" finished-at="2025-07-09T08:56:34 IST" duration-ms="3146" status="PASS">
          <reporter-output>
          </reporter-output>
        </test-method> <!-- loginTest -->
      </class> <!-- com.api.tests.LoginAPITest -->
    </test> <!-- Default test -->
  </suite> <!-- Default suite -->
</testng-results>
